0 info it worked if it ends with ok
1 verbose cli [ '/home/josealanya/.nvm/versions/node/v4.4.1/bin/node',
1 verbose cli   '/home/josealanya/.nvm/versions/node/v4.4.1/bin/npm',
1 verbose cli   'start' ]
2 info using npm@2.14.20
3 info using node@v4.4.1
4 verbose run-script [ 'prestart', 'start', 'poststart' ]
5 info prestart Cookbook@0.0.1
6 verbose unsafe-perm in lifecycle true
7 info start Cookbook@0.0.1
8 verbose unsafe-perm in lifecycle true
9 info Cookbook@0.0.1 Failed to exec start script
10 verbose stack Error: Cookbook@0.0.1 start: `npm-run-all --parallel open:src lint:watch`
10 verbose stack Exit status 1
10 verbose stack     at EventEmitter.<anonymous> (/home/josealanya/.nvm/versions/node/v4.4.1/lib/node_modules/npm/lib/utils/lifecycle.js:214:16)
10 verbose stack     at emitTwo (events.js:87:13)
10 verbose stack     at EventEmitter.emit (events.js:172:7)
10 verbose stack     at ChildProcess.<anonymous> (/home/josealanya/.nvm/versions/node/v4.4.1/lib/node_modules/npm/lib/utils/spawn.js:24:14)
10 verbose stack     at emitTwo (events.js:87:13)
10 verbose stack     at ChildProcess.emit (events.js:172:7)
10 verbose stack     at maybeClose (internal/child_process.js:827:16)
10 verbose stack     at Process.ChildProcess._handle.onexit (internal/child_process.js:211:5)
11 verbose pkgid Cookbook@0.0.1
12 verbose cwd /home/josealanya/Documents/work/dev/nodeexpress/cookbook1
13 error Linux 4.4.0-34-generic
14 error argv "/home/josealanya/.nvm/versions/node/v4.4.1/bin/node" "/home/josealanya/.nvm/versions/node/v4.4.1/bin/npm" "start"
15 error node v4.4.1
16 error npm  v2.14.20
17 error code ELIFECYCLE
18 error Cookbook@0.0.1 start: `npm-run-all --parallel open:src lint:watch`
18 error Exit status 1
19 error Failed at the Cookbook@0.0.1 start script 'npm-run-all --parallel open:src lint:watch'.
19 error This is most likely a problem with the Cookbook package,
19 error not with npm itself.
19 error Tell the author that this fails on your system:
19 error     npm-run-all --parallel open:src lint:watch
19 error You can get information on how to open an issue for this project with:
19 error     npm bugs Cookbook
19 error Or if that isn't available, you can get their info via:
19 error
19 error     npm owner ls Cookbook
19 error There is likely additional logging output above.
20 verbose exit [ 1, true ]
